# JRE version: Java(TM) SE Runtime Environment (8.0_201-b09) (build 1.8.0_201-b09)
# Java VM: Java HotSpot(TM) 64-Bit Server VM (25.201-b09 mixed mode linux-amd64 compressed oops)
Heap:
 PSYoungGen      total 9728K, used 3896K [0x00000000ff580000, 0x0000000100000000, 0x0000000100000000)
  eden space 8704K, 33% used [0x00000000ff580000,0x00000000ff855f18,0x00000000ffe00000)
  from space 1024K, 96% used [0x00000000ffe00000,0x00000000ffef8240,0x00000000fff00000)
  to   space 1024K, 0% used [0x00000000fff00000,0x00000000fff00000,0x0000000100000000)
 ParOldGen       total 22016K, used 4864K [0x00000000fe000000, 0x00000000ff580000, 0x00000000ff580000)
  object space 22016K, 22% used [0x00000000fe000000,0x00000000fe4c02c0,0x00000000ff580000)
 Metaspace       used 11681K, capacity 11872K, committed 12160K, reserved 1060864K
  class space    used 1271K, capacity 1336K, committed 1408K, reserved 1048576K
GC Heap History (6 events):
Event: 30.240 GC heap before
{Heap before GC invocations=1 (full 0):
 PSYoungGen      total 9728K, used 8704K [0x00000000ff580000, 0x0000000100000000, 0x0000000100000000)
  eden space 8704K, 100% used [0x00000000ff580000,0x00000000ffe00000,0x00000000ffe00000)
  from space 1024K, 0% used [0x00000000fff00000,0x00000000fff00000,0x0000000100000000)
  to   space 1024K, 0% used [0x00000000ffe00000,0x00000000ffe00000,0x00000000fff00000)
 ParOldGen       total 22016K, used 0K [0x00000000fe000000, 0x00000000ff580000, 0x00000000ff580000)
  object space 22016K, 0% used [0x00000000fe000000,0x00000000fe000000,0x00000000ff580000)
 Metaspace       used 8996K, capacity 9192K, committed 9344K, reserved 1056768K
  class space    used 988K, capacity 1056K, committed 1152K, reserved 1048576K
Event: 30.244 GC heap after
Heap after GC invocations=1 (full 0):
 PSYoungGen      total 9728K, used 992K [0x00000000ff580000, 0x0000000100000000, 0x0000000100000000)
  eden space 8704K, 0% used [0x00000000ff580000,0x00000000ff580000,0x00000000ffe00000)
  from space 1024K, 96% used [0x00000000ffe00000,0x00000000ffef8020,0x00000000fff00000)
  to   space 1024K, 0% used [0x00000000fff00000,0x00000000fff00000,0x0000000100000000)
 ParOldGen       total 22016K, used 1493K [0x00000000fe000000, 0x00000000ff580000, 0x00000000ff580000)
  object space 22016K, 6% used [0x00000000fe000000,0x00000000fe175798,0x00000000ff580000)
 Metaspace       used 8996K, capacity 9192K, committed 9344K, reserved 1056768K
  class space    used 988K, capacity 1056K, committed 1152K, reserved 1048576K
}
Event: 30.588 GC heap before
{Heap before GC invocations=2 (full 0):
 PSYoungGen      total 9728K, used 9696K [0x00000000ff580000, 0x0000000100000000, 0x0000000100000000)
  eden space 8704K, 100% used [0x00000000ff580000,0x00000000ffe00000,0x00000000ffe00000)
  from space 1024K, 96% used [0x00000000ffe00000,0x00000000ffef8020,0x00000000fff00000)
  to   space 1024K, 0% used [0x00000000fff00000,0x00000000fff00000,0x0000000100000000)
 ParOldGen       total 22016K, used 1493K [0x00000000fe000000, 0x00000000ff580000, 0x00000000ff580000)
  object space 22016K, 6% used [0x00000000fe000000,0x00000000fe175798,0x00000000ff580000)
 Metaspace       used 10084K, capacity 10294K, committed 10496K, reserved 1058816K
  class space    used 1101K, capacity 1201K, committed 1280K, reserved 1048576K
Event: 30.591 GC heap after
Heap after GC invocations=2 (full 0):
 PSYoungGen      total 9728K, used 996K [0x00000000ff580000, 0x0000000100000000, 0x0000000100000000)
  eden space 8704K, 0% used [0x00000000ff580000,0x00000000ff580000,0x00000000ffe00000)
  from space 1024K, 97% used [0x00000000fff00000,0x00000000ffff90b8,0x0000000100000000)
  to   space 1024K, 0% used [0x00000000ffe00000,0x00000000ffe00000,0x00000000fff00000)
 ParOldGen       total 22016K, used 2951K [0x00000000fe000000, 0x00000000ff580000, 0x00000000ff580000)
  object space 22016K, 13% used [0x00000000fe000000,0x00000000fe2e1fc0,0x00000000ff580000)
 Metaspace       used 10084K, capacity 10294K, committed 10496K, reserved 1058816K
  class space    used 1101K, capacity 1201K, committed 1280K, reserved 1048576K
}
Event: 30.980 GC heap before
{Heap before GC invocations=3 (full 0):
 PSYoungGen      total 9728K, used 9700K [0x00000000ff580000, 0x0000000100000000, 0x0000000100000000)
  eden space 8704K, 100% used [0x00000000ff580000,0x00000000ffe00000,0x00000000ffe00000)
  from space 1024K, 97% used [0x00000000fff00000,0x00000000ffff90b8,0x0000000100000000)
  to   space 1024K, 0% used [0x00000000ffe00000,0x00000000ffe00000,0x00000000fff00000)
 ParOldGen       total 22016K, used 2951K [0x00000000fe000000, 0x00000000ff580000, 0x00000000ff580000)
  object space 22016K, 13% used [0x00000000fe000000,0x00000000fe2e1fc0,0x00000000ff580000)
 Metaspace       used 11469K, capacity 11668K, committed 11904K, reserved 1060864K
  class space    used 1248K, capacity 1334K, committed 1408K, reserved 1048576K
Event: 30.983 GC heap after
Heap after GC invocations=3 (full 0):
 PSYoungGen      total 9728K, used 992K [0x00000000ff580000, 0x0000000100000000, 0x0000000100000000)
  eden space 8704K, 0% used [0x00000000ff580000,0x00000000ff580000,0x00000000ffe00000)
  from space 1024K, 96% used [0x00000000ffe00000,0x00000000ffef8240,0x00000000fff00000)
  to   space 1024K, 0% used [0x00000000fff00000,0x00000000fff00000,0x0000000100000000)
 ParOldGen       total 22016K, used 4864K [0x00000000fe000000, 0x00000000ff580000, 0x00000000ff580000)
  object space 22016K, 22% used [0x00000000fe000000,0x00000000fe4c02c0,0x00000000ff580000)
 Metaspace       used 11469K, capacity 11668K, committed 11904K, reserved 1060864K
  class space    used 1248K, capacity 1334K, committed 1408K, reserved 1048576K
}

